Scrum Team Name
Sorted by Scrum Team Name, A-to-ZAscending
Priority
Sorted by Priority, ascending picklist orderAscending
Scrum Team Name
Sorted by Scrum Team Name, A-to-ZAscending
Priority
Sorted by Priority, ascending picklist orderAscending
Work: Work ID
Subject
Status
Assigned To
Work: Created Date
Sorted by Work: Created Date, newest-to-oldestDescending
Sprint
Type
Found in Build
Scheduled Build
Customer
Work: Created By
Scrum Team Name Select all rows for Drill Down.
Scrum Team Name
Sorted by Scrum Team Name, A-to-ZAscending
Priority
Sorted by Priority, ascending picklist orderAscending
Select row for Drill Down.
Sayonara Data Management(6)
P2(6)
Subtotal
Subtotal
Select row for Drill Down.
Sayonara Foundation Services(2)
P2(2)
Subtotal
Subtotal
Select row for Drill Down.
Sayonara TxP(12)
P2(12)
Subtotal
Subtotal
Select row for Drill Down.
SDB Engine Health and Diagnostics(3)
P2(3)
Subtotal
Subtotal
Select row for Drill Down.
SDB Query Proc Execution(1)
P2(1)
Subtotal
Subtotal
Select row for Drill Down.
SDB Query Proc Optimizer(1)
P2(1)
Subtotal
Subtotal
Select row for Drill Down.
SDBStore(4)
P1(1)
Subtotal
P2(3)
Subtotal
Subtotal
Total(29)
Scrum Team Name
Sorted by Scrum Team Name, A-to-ZAscending
Priority
Sorted by Priority, ascending picklist orderAscending
Work: Work ID
Subject
Status
Assigned To
Work: Created Date
Sorted by Work: Created Date, newest-to-oldestDescending
Sprint
Type
Found in Build
Scheduled Build
Customer
Work: Created By
Sayonara Data Management(6)
P2(6)
W-19726659
MergeMergeConflictTest.testTombstoneOverlapMergeConflictRatio: PSQLException: An I/O error occurred while sending to t
New
SDB Data Management Work Queue
9/24/2025
-
Bug
sdb.260.8
-
-
SFCI API USER
W-19722496
CopyDirectTest.test_006_allowedDuplicatesSameBatch: PSQLException: ERROR: The snapshot we are trying to cac
New
Kaushal Mittal
9/23/2025
-
Bug
sdb.260.8
-
-
SFCI API USER
W-19720243
TLEMixedVersionsTest.sayonaradb.test.ringmgt.TLEMixedVersionsTest: NullPointerException: Cannot invoke "sayonaradb.test.server.ut
New
SDB Data Management Work Queue
9/23/2025
-
Bug
sdb.260.8
-
-
SFCI API USER
W-19624375
SDB-JUnitStress-sandbox-stress-RHEL9.sandbox-stress: AssertionError: Index inconsistency found for relation:
In Progress
Theo Vanderkooy
9/12/2025
-
Bug
sdb.260.7
-
-
SFCI API USER
W-19545169
test.lsmkey_encode:oidvectorcorrupt: Ctest failure: [2025-09-03 23:35:25] TEST 35/46 lsmkey_
Ready for Review
Terry Chong
9/4/2025
2025.09b-Sayonara Data Management
Bug
sdb.260.5
-
-
SFCI API USER
W-19414948
InterruptedFlushLocationCacheTest.flushCancelFullInvalTest_withPromotedMiniFlushTest: TestTimedOutException: test timed out after 900 seconds
Triaged
Shalini Shukla
8/24/2025
-
Bug
sdb.260
-
-
SFCI API USER
Subtotal
Subtotal
Sayonara Foundation Services(2)
P2(2)
W-19722133
WSLogTailingMetricDaemonTest.testFileDumpOnShutdown: AssertionFailedError: metrics files should be generated /home/
New
SDB Foundation Services Work Queue
9/23/2025
-
Bug
sdb.260.1
-
-
SFCI API USER
W-19385172
SDB-JUnitStress-LD-WS-dml-check-standby-partitioned-1-RHEL9.dml-check: RuntimeException: gave up waiting for cluster change, expe
Triaged
Jacob Park
8/20/2025
-
Bug
sdb.260
-
-
SFCI API USER
Subtotal
Subtotal
Sayonara TxP(12)
P2(12)
W-19717664
KeyOrderPurgeTest.testPurgeWaitOnWriteLatch: AssertionFailedError: junit.framework.AssertionFailedError at
New
Smit Raj
9/23/2025
-
Bug
sdb.260.8
-
-
SFCI API USER
W-19708711
MultiServerTenancyTest.testImportSegFault_W18727457: PSQLException: An I/O error occurred while sending to t
New
SDB TxP Work Queue
9/22/2025
-
Bug
sdb.260.8
-
-
SFCI API USER
W-19708710
FlushOnStoreFailuresWithPFTest.testFlushOnStoreFailures02: TestTimedOutException: test timed out after 1800 seconds
New
Jonathan Hu
9/22/2025
-
Bug
sdb.260.8
-
-
SFCI API USER
W-19701447
MemstoreReproProblematicRecordChain.case1_unCommittedUpdateFollowedByGrantedKeyShareLock: TestTimedOutException: test timed out after 900 seconds
Triaged
Shao-Yuan Ho
9/22/2025
-
Bug
sdb.260.8
-
-
SFCI API USER
W-19690428
ParallelFlushDarkLaunchTest.testParallelFlushVerification_Backend: AssertionFailedError: junit.framework.AssertionFailedError at
New
Jonathan Hu
9/19/2025
-
Bug
sdb.260.7
-
-
SFCI API USER
W-19655453
test.spill_ringbuffer_test:ADControl_accounting_rollback: Ctest failure: TEST 538/587 spill_ringbuffer_test:ADCon
New
Shao-Yuan Ho
9/16/2025
2025.09b Sayonara TxP
Bug
sdb.260.7
-
-
SFCI API USER
W-19562705
FlushErrorLocationCacheWithSFTest.sayonaradb.test.server.flush.FlushErrorLocationCacheWithSFTest: TestTimedOutException: test timed out after 3600 seconds
New
Kaushal Mittal
9/5/2025
-
Bug
sdb.260.5
-
-
SFCI API USER
W-19479658
Downgrade tests are failing because BKPROXY is unable to start during the downgrade process.
New
Kaushal Mittal
9/2/2025
2025.09a-SDB Catalog Services
Bug
sdb.260.5
-
-
Sanjib Ghosh
W-19465357
FSQDaemonTest.test_with_paused_fsq_daemon: TestTimedOutException: test timed out after 900 seconds
New
Kaushal Mittal
8/30/2025
-
Bug
sdb.260.5
-
-
SFCI API USER
W-19409996
MemstoreDumpTest.sayonaradb.test.server.memstore.MemstoreDumpTest: ExecutionException: sayonaradb.test.util.SysCmdException: Co
In Progress
Jonathan Hu
8/22/2025
2025.09b Sayonara TxP
Bug
sdb.260
-
-
SFCI API USER
W-19398827
SDB-JUnitStress-dml-uptime-standby-arb-RHEL9.dml-uptime-standby-arb: PSQLException: An I/O error occurred while sending to t
New
Jonathan Hu
8/21/2025
-
Bug
sdb.260
-
-
SFCI API USER
W-19307267
SDB-JUnitStress-RSWS-seq-stress-dbFaults-RHEL9.seq-stress: found trap on node[name=0, expectedState=RUNNING]: Last Error: dbsay`20250811162049.483639`
New
Dipesh Pandit
8/11/2025
-
Bug
sdb.260
-
-
SFCI API USER
Subtotal
Subtotal
SDB Engine Health and Diagnostics(3)
P2(3)
W-19717671
ActivityStatementHistoryTest.testNullNonNullValues: StepFailureException: Worker at step 2 threw exception: expect
New
SDB EHD Development
9/23/2025
-
Bug
sdb.260.8
-
-
SFCI API USER
W-19664218
AvgActiveSessionTest.testAvgActiveSession: RuntimeException: JUnit barfed with multiple errors, this
New
Sai Prasad Mysary
9/17/2025
2025.10a-SDB Engine Health and Diagnostics
Bug
sdb.260.7
-
-
SFCI API USER
W-19466621
LockWaitTraceAndLogLineTest.testSdbTimeoutTraceForDeadlockLoglineLockTimeout: NullPointerException: Cannot invoke "org.json.JSONObject.getJS
In Progress
Sai Prasad Mysary
8/31/2025
2025.09b-SDB Engine Health and Diagnostics
Bug
sdb.260.5
-
-
SFCI API USER
Subtotal
Subtotal
SDB Query Proc Execution(1)
P2(1)
W-19565729
TxnProcOomKillerTest.ProactiveOomKillerTest: StepFailureException: Worker at step 6 threw exception: expect
New
Suresh Kumar Jami
9/5/2025
-
Bug
sdb.260.6
-
-
SFCI API USER
Subtotal
Subtotal
SDB Query Proc Optimizer(1)
P2(1)
W-19700470
SharedPlanCacheTest.testPlanSourceLargePlanLog: AssertionFailedError: Found 60 eviction log lines, expected <=
Ready for Review
Mark Sirek
9/21/2025
-
Bug
sdb.260.8
-
-
SFCI API USER
Subtotal
Subtotal
SDBStore(4)
P1(1)
W-19654204
Bookie decomm tests running in SDBChaos are failing
New
SDBStore Work Queue
9/16/2025
-
Bug
sdb.260.5
-
-
Jisha Paul
Subtotal
P2(3)
W-19696880
SDB-JUnitStress-dml-uptime-HA-postcommit-optimization-RHEL9-Release.dml-uptime-postcommit-optimization: PSQLException: PANIC: [TD_wU3MlkaEd8HNk3Id6bw:00008255]
New
Senthilkumar Narayanasamy
9/21/2025
-
Bug
sdb.260.1
-
-
SFCI API USER
W-19402274
SFStore-Build-RHEL9.org.apache.bookkeeper.bookie.BookieCacheRehydrationFaultInjectionTest.testNoSpaceInGCRehydration
New
Swapnil Warke
8/21/2025
2025.09b-SDBStore
Bug
sdb.260
-
-
Dipesh Pandit
W-19364382
SDB-JUnitStress-WS-schemaupgrade-stress-RHEL9.schemaupgrade-stress: Exception: error executing teardown sayonaradb.test
In Progress
Shyam Vanga
8/18/2025
-
Bug
sdb.260
-
-
SFCI API USER
Subtotal
Subtotal
Total(29)

